  CppCLR_WinformsProjekt.cpp
D:\IK\3\szoftmod\SzoftModProj\src\SzoftMod\CppCLR_WinformsProjekt.cpp(11,10): warning C4067: unexpected tokens following preprocessor directive - expected a newline
D:\IK\3\szoftmod\SzoftModProj\src\SzoftMod\CppCLR_WinformsProjekt.cpp(12,10): warning C4067: unexpected tokens following preprocessor directive - expected a newline
D:\IK\3\szoftmod\SzoftModProj\src\SzoftMod\calcmodule.h(58,20): warning C4018: '<': signed/unsigned mismatch
D:\IK\3\szoftmod\SzoftModProj\src\SzoftMod\calcmodule.h(94,50): warning C4018: '<': signed/unsigned mismatch
D:\IK\3\szoftmod\SzoftModProj\src\SzoftMod\calcmodule.h(97,45): warning C4018: '<': signed/unsigned mismatch
D:\IK\3\szoftmod\SzoftModProj\src\SzoftMod\calcmodule.h(97,111): warning C4018: '<': signed/unsigned mismatch
D:\IK\3\szoftmod\SzoftModProj\src\SzoftMod\calcmodule.h(117,38): warning C4018: '<': signed/unsigned mismatch
D:\IK\3\szoftmod\SzoftModProj\src\SzoftMod\calcmodule.h(163,41): warning C4018: '<': signed/unsigned mismatch
D:\IK\3\szoftmod\SzoftModProj\src\SzoftMod\calcmodule.h(167,31): warning C4018: '<': signed/unsigned mismatch
D:\IK\3\szoftmod\SzoftModProj\src\SzoftMod\calcmodule.h(169,53): warning C4018: '<': signed/unsigned mismatch
D:\IK\3\szoftmod\SzoftModProj\src\SzoftMod\calcmodule.h(183,21): warning C4244: 'initializing': conversion from 'double' to 'int', possible loss of data
D:\IK\3\szoftmod\SzoftModProj\src\SzoftMod\calcmodule.h(214,35): warning C4018: '<': signed/unsigned mismatch
D:\IK\3\szoftmod\SzoftModProj\src\SzoftMod\calcmodule.h(220,46): warning C4018: '<': signed/unsigned mismatch
D:\IK\3\szoftmod\SzoftModProj\src\SzoftMod\calcmodule.h(250,35): warning C4018: '<': signed/unsigned mismatch
D:\IK\3\szoftmod\SzoftModProj\src\SzoftMod\calcmodule.h(267,35): warning C4018: '<': signed/unsigned mismatch
D:\IK\3\szoftmod\SzoftModProj\src\SzoftMod\calcmodule.h(272,83): warning C4018: '>': signed/unsigned mismatch
D:\IK\3\szoftmod\SzoftModProj\src\SzoftMod\calcmodule.h(284,35): warning C4018: '<': signed/unsigned mismatch
D:\IK\3\szoftmod\SzoftModProj\src\SzoftMod\calcmodule.h(289,83): warning C4018: '>': signed/unsigned mismatch
D:\IK\3\szoftmod\SzoftModProj\src\SzoftMod\calcmodule.h(312,35): warning C4018: '<': signed/unsigned mismatch
D:\IK\3\szoftmod\SzoftModProj\src\SzoftMod\calcmodule.h(317,83): warning C4018: '>': signed/unsigned mismatch
D:\IK\3\szoftmod\SzoftModProj\src\SzoftMod\calcmodule.h(338,38): warning C4018: '<': signed/unsigned mismatch
  AssemblyInfo.obj : MSIL module encountered; incremental linking is disabled for MSIL; performing full link
  SzoftMod.vcxproj -> D:\IK\3\szoftmod\SzoftModProj\src\Debug\SzoftMod.exe
